carteiro/build/outputs/mapping/release/mapping.txt
com.rbardini.carteiro.CarteiroApplication -> com.rbardini.carteiro.CarteiroApplication:
    com.rbardini.carteiro.CarteiroApplication$State state -> a
    java.util.Set updatedCods -> b
    boolean updatedList -> c
    void onCreate() -> onCreate
    com.rbardini.carteiro.db.DatabaseHelper getDatabaseHelper() -> a
    boolean addUpdatedCod(java.lang.String) -> a
    java.util.Set getUpdatedCods() -> b
    boolean isUpdatedCod(java.lang.String) -> b
    void setUpdatedList() -> c
    boolean hasUpdate() -> d
    void clearUpdate() -> e
com.rbardini.carteiro.CarteiroApplication$1 -> com.rbardini.carteiro.a:
com.rbardini.carteiro.CarteiroApplication$State -> com.rbardini.carteiro.b:
    com.rbardini.carteiro.svc.DetachableResultReceiver receiver -> a
    boolean syncing -> b
com.rbardini.carteiro.db.DatabaseHelper -> com.rbardini.carteiro.a.a:
    java.text.DateFormat iso8601 -> a
    java.util.Map SuggestMap -> b
    com.rbardini.carteiro.db.DatabaseHelper instance -> c
    com.rbardini.carteiro.db.DatabaseHelper$SQLiteOpenHelper oh -> d
    android.database.sqlite.SQLiteDatabase db -> e
    com.rbardini.carteiro.svc.BackupManagerWrapper bm -> f
    boolean backupAvailable -> g
    com.rbardini.carteiro.db.DatabaseHelper getInstance(android.content.Context) -> a
    void beginTransaction() -> a
    boolean inTransaction() -> b
    void endTransaction() -> c
    void setTransactionSuccessful() -> d
    java.io.File exportDatabase(android.content.Context,java.io.File) -> a
    java.io.File importDatabase(android.content.Context,java.io.File) -> b
    boolean insertPostalItem(com.rbardini.carteiro.model.PostalItem) -> a
    boolean insertPostalRecord(com.rbardini.carteiro.model.PostalRecord) -> a
    int renamePostalItem(java.lang.String,java.lang.String) -> a
    void setPostalItemFav(java.lang.String,int) -> a
    void togglePostalItemFav(java.lang.String) -> a
    void favPostalItem(java.lang.String) -> b
    void unfavPostalItem(java.lang.String) -> c
    void setPostalItemArchived(java.lang.String,int) -> b
    void togglePostalItemArchived(java.lang.String) -> d
    void archivePostalItem(java.lang.String) -> e
    void unarchivePostalItem(java.lang.String) -> f
    int deletePostalItem(java.lang.String) -> g
com.rbardini.carteiro.db.DatabaseHelper$Query -> com.rbardini.carteiro.a.b:
    java.util.Map CreateMap -> a
    java.util.Map DropMap -> b
    java.util.Map buildCreateMap() -> a
    java.util.Map buildDropMap() -> b
    java.lang.String getCreate(java.lang.String) -> a
    java.lang.String getDrop(java.lang.String) -> b
com.rbardini.carteiro.db.DatabaseHelper$SQLiteOpenHelper -> com.rbardini.carteiro.a.c:
    com.rbardini.carteiro.db.DatabaseHelper this$0 -> a
    void onCreate(android.database.sqlite.SQLiteDatabase) -> onCreate
    void onUpgrade(android.database.sqlite.SQLiteDatabase,int,int) -> onUpgrade
com.rbardini.carteiro.model.PostalItem -> com.rbardini.carteiro.b.a:
    java.lang.String cod -> a
    java.lang.String desc -> b
    java.util.Date date -> c
    java.lang.String loc -> d
    java.lang.String info -> e
    java.lang.String status -> f
    boolean fav -> g
    boolean archived -> h
    java.lang.String getCod() -> a
    java.lang.String getDesc() -> b
    java.lang.String getSafeDesc() -> c
    java.lang.String getFullDesc() -> d
    void setDesc(java.lang.String) -> a
    java.util.Date getDate() -> e
    java.lang.String getLoc() -> f
    java.lang.String getInfo() -> g
    java.lang.String getFullInfo() -> h
    java.lang.String getStatus() -> i
    boolean isFav() -> j
    void setFav(boolean) -> a
    boolean toggleFav() -> k
    boolean isArchived() -> l
    boolean toggleArchived() -> m
    void setReg(org.alfredlibrary.utilitarios.correios.RegistroRastreamento) -> a
    java.lang.String getService() -> n
    int getFlag(android.content.Context) -> a
    boolean equals(java.lang.Object) -> equals
...
com.nhaarman.listviewanimations.itemmanipulation.AnimateDismissAdapter$1 -> com.b.a.a.b:
    java.util.List val$positionsCopy -> a
    com.nhaarman.listviewanimations.itemmanipulation.AnimateDismissAdapter this$0 -> b
    void onAnimationEnd(com.nineoldandroids.animation.Animator) -> a
com.nhaarman.listviewanimations.itemmanipulation.AnimateDismissAdapter$2 -> com.b.a.a.c:
    android.view.ViewGroup$LayoutParams val$lp -> a
    android.view.View val$view -> b
    com.nhaarman.listviewanimations.itemmanipulation.AnimateDismissAdapter this$0 -> c
    void onAnimationEnd(com.nineoldandroids.animation.Animator) -> a
com.nhaarman.listviewanimations.itemmanipulation.AnimateDismissAdapter$3 -> com.b.a.a.d:
    android.view.ViewGroup$LayoutParams val$lp -> a
    android.view.View val$view -> b
    com.nhaarman.listviewanimations.itemmanipulation.AnimateDismissAdapter this$0 -> c
    void onAnimationUpdate(com.nineoldandroids.animation.ValueAnimator) -> a
com.nhaarman.listviewanimations.itemmanipulation.OnDismissCallback -> com.b.a.a.e:
    void onDismiss(android.widget.AbsListView,int[]) -> a
com.nhaarman.listviewanimations.itemmanipulation.swipedismiss.DismissableManager -> com.b.a.a.a.a:
    boolean isDismissable(long,int) -> a
com.nhaarman.listviewanimations.itemmanipulation.swipedismiss.SwipeOnTouchListener -> com.b.a.a.a.b:
    boolean isSwiping() -> a
com.nhaarman.listviewanimations.itemmanipulation.swipedismiss.contextualundo.ContextualUndoAdapter -> com.b.a.a.a.a.a:
    int mUndoLayoutId -> b
    int mUndoActionId -> c
    int mCountDownTextViewResId -> d
    int mAutoDeleteDelayMillis -> e
    long mDismissStartMillis -> f
    com.nhaarman.listviewanimations.itemmanipulation.swipedismiss.contextualundo.ContextualUndoView mCurrentRemovedView -> g
    long mCurrentRemovedId -> h
    android.os.Handler mHandler -> i
    com.nhaarman.listviewanimations.itemmanipulation.swipedismiss.contextualundo.ContextualUndoAdapter$CountDownRunnable mCountDownRunnable -> j
    com.nhaarman.listviewanimations.itemmanipulation.swipedismiss.contextualundo.ContextualUndoAdapter$DeleteItemCallback mDeleteItemCallback -> k
    com.nhaarman.listviewanimations.itemmanipulation.swipedismiss.contextualundo.ContextualUndoAdapter$CountDownFormatter mCountDownFormatter -> l
    com.nhaarman.listviewanimations.itemmanipulation.swipedismiss.contextualundo.ContextualUndoListViewTouchListener mContextualUndoListViewTouchListener -> m
    android.view.View getView(int,android.view.View,android.view.ViewGroup) -> getView
    void setAbsListView(android.widget.AbsListView) -> a
    void onViewSwiped(long,int) -> a
    com.nhaarman.listviewanimations.itemmanipulation.swipedismiss.contextualundo.ContextualUndoView getContextualUndoView(long) -> a
    void startAutoDeleteTimer() -> g
    void restoreViewPosition(android.view.View) -> a
com.nhaarman.listviewanimations.itemmanipulation.swipedismiss.contextualundo.ContextualUndoAdapter$1 -> com.b.a.a.a.a.b:
    android.view.View val$view -> a
    int val$dismissPosition -> b
    com.nhaarman.listviewanimations.itemmanipulation.swipedismiss.contextualundo.ContextualUndoAdapter this$0 -> c
    void onAnimationEnd(com.nineoldandroids.animation.Animator) -> a
com.nhaarman.listviewanimations.itemmanipulation.swipedismiss.contextualundo.ContextualUndoAdapter$CountDownFormatter -> com.b.a.a.a.a.c:
    java.lang.String getCountDownString(long) -> a
com.nhaarman.listviewanimations.itemmanipulation.swipedismiss.contextualundo.ContextualUndoAdapter$CountDownRunnable -> com.b.a.a.a.a.d:
    com.nhaarman.listviewanimations.itemmanipulation.swipedismiss.contextualundo.ContextualUndoAdapter this$0 -> a
    void run() -> run
com.nhaarman.listviewanimations.itemmanipulation.swipedismiss.contextualundo.ContextualUndoAdapter$DeleteItemCallback -> com.b.a.a.a.a.e:
    void deleteItem(int) -> a